<?xml version="1.0" encoding="utf-8"?><testsuites name="pytest tests"><testsuite name="pytest" errors="0" failures="0" skipped="0" tests="5" time="121.269" timestamp="2026-08-08T15:15:32.825135+00:00" hostname="agent-env-4a9e4cd0-2760-4a35-9b1e-e8915001f784"><testcase classname="tests.test_ai_stage_recommendations" name="test_ticket_stage_stream_returns_substantial_content" time="58.078" /><testcase classname="tests.test_ai_stage_recommendations" name="test_stage_invalid_stage_rejected" time="0.164" /><testcase classname="tests.test_ai_stage_recommendations" name="test_stage_missing_branch_visits_rejected" time="0.100" /><testcase classname="tests.test_ai_stage_recommendations" name="test_hotel_stage_stream_returns_content" time="48.077" /><testcase classname="tests.test_ai_stage_recommendations" name="test_final_itinerary_stream_returns_content" time="14.801" /></testsuite></testsuites>