<?xml version="1.0" encoding="utf-8"?><testsuites name="pytest tests"><testsuite name="pytest" errors="0" failures="0" skipped="0" tests="3" time="13.741" timestamp="2026-08-08T15:00:08.917704+00:00" hostname="agent-env-4a9e4cd0-2760-4a35-9b1e-e8915001f784"><testcase classname="tests.test_ai_travel_plan" name="test_ai_travel_plan_stream_valid_payload" time="12.941" /><testcase classname="tests.test_ai_travel_plan" name="test_ai_travel_plan_stream_invalid_payload_returns_422" time="0.175" /><testcase classname="tests.test_ai_travel_plan" name="test_ai_travel_plan_stream_negative_budget_rejected" time="0.136" /></testsuite></testsuites>