<?xml version="1.0" encoding="utf-8"?><testsuites name="pytest tests"><testsuite name="pytest" errors="0" failures="0" skipped="0" tests="9" time="4.308" timestamp="2026-08-08T17:26:35.797685+00:00" hostname="agent-env-4a9e4cd0-2760-4a35-9b1e-e8915001f784"><testcase classname="tests.test_rab_workflow.TestRabHistory" name="test_history_endpoint_includes_completed" time="0.606" /><testcase classname="tests.test_rab_workflow.TestSpdAndRealisasi" name="test_secretary_booked_transitions_to_spd_koordinator" time="2.197" /><testcase classname="tests.test_rab_workflow.TestRabHistory" name="test_history_excludes_in_progress" time="0.232" /><testcase classname="tests.test_rab_workflow.TestRabHistory" name="test_history_no_mongo_id_leak" time="0.535" /><testcase classname="tests.test_rab_workflow.TestSpdAndRealisasi" name="test_koordinator_spd_done_transitions_to_siap_realisasi" time="0.380" /><testcase classname="tests.test_rab_workflow.TestSpdAndRealisasi" name="test_spd_action_must_be_spd_done" time="0.386" /><testcase classname="tests.test_rab_workflow.TestSpdAndRealisasi" name="test_spd_wrong_role_rejected" time="0.367" /><testcase classname="tests.test_rab_workflow.TestSpdAndRealisasi" name="test_realization_complete_transitions_to_selesai" time="0.453" /><testcase classname="tests.test_rab_workflow.TestSpdAndRealisasi" name="test_realization_complete_requires_siap_status" time="0.195" /></testsuite></testsuites>