<?xml version="1.0" encoding="utf-8"?><testsuites name="pytest tests"><testsuite name="pytest" errors="0" failures="0" skipped="0" tests="3" time="0.893" timestamp="2026-08-08T16:08:58.614923+00:00" hostname="agent-env-4a9e4cd0-2760-4a35-9b1e-e8915001f784"><testcase classname="tests.test_rab_submissions.TestRabSubmissions" name="test_create_rab_submission" time="0.242" /><testcase classname="tests.test_rab_submissions.TestRabSubmissions" name="test_list_contains_created" time="0.184" /><testcase classname="tests.test_rab_submissions.TestRabSubmissions" name="test_missing_required_fields" time="0.130" /></testsuite></testsuites>