<?xml version="1.0" encoding="utf-8"?><testsuites name="pytest tests"><testsuite name="pytest" errors="0" failures="0" skipped="0" tests="10" time="2.060" timestamp="2026-08-08T16:24:57.383415+00:00" hostname="agent-env-4a9e4cd0-2760-4a35-9b1e-e8915001f784"><testcase classname="tests.test_rab_submissions.TestRabSubmissions" name="test_create_rab_submission" time="0.223" /><testcase classname="tests.test_rab_submissions.TestRabActionWorkflow" name="test_wrong_role_returns_403" time="0.279" /><testcase classname="tests.test_rab_submissions.TestRabSubmissions" name="test_list_contains_created" time="0.183" /><testcase classname="tests.test_rab_submissions.TestRabActionWorkflow" name="test_full_approval_flow" time="0.514" /><testcase classname="tests.test_rab_submissions.TestRabSubmissions" name="test_missing_required_fields" time="0.094" /><testcase classname="tests.test_rab_submissions.TestRabActionWorkflow" name="test_revision_returns_to_pic_with_component_notes" time="0.193" /><testcase classname="tests.test_rab_submissions.TestRabActionWorkflow" name="test_revision_at_spv_stage" time="0.234" /><testcase classname="tests.test_rab_submissions.TestRabActionWorkflow" name="test_invalid_action_value" time="0.170" /><testcase classname="tests.test_rab_submissions.TestRabActionWorkflow" name="test_action_on_missing_submission" time="0.144" /><testcase classname="tests.test_rab_submissions.TestRabActionWorkflow" name="test_secretary_cannot_act_before_manager" time="0.191" /></testsuite></testsuites>