<?xml version="1.0" encoding="utf-8"?><testsuites name="pytest tests"><testsuite name="pytest" errors="0" failures="0" skipped="0" tests="5" time="4.189" timestamp="2026-08-08T17:38:55.095046+00:00" hostname="agent-env-4a9e4cd0-2760-4a35-9b1e-e8915001f784"><testcase classname="tests.test_realization_flow.TestRealizationFlow" name="test_pic_send_realization_transitions_to_selesai" time="1.092" /><testcase classname="tests.test_realization_flow.TestRealizationFlow" name="test_secretary_revisi_lampiran" time="0.936" /><testcase classname="tests.test_realization_flow.TestRealizationFlow" name="test_secretary_approve_creates_bph" time="0.812" /><testcase classname="tests.test_realization_flow.TestRealizationFlow" name="test_realization_complete_blocked_when_not_ready" time="0.193" /><testcase classname="tests.test_realization_flow.TestRealizationFlow" name="test_realization_action_forbids_non_secretary" time="0.824" /></testsuite></testsuites>